<?xml version="1.0" encoding="UTF-8"?>
<testsuite name="imhere.web.HttpIntegrationTest" tests="1" skipped="0" failures="0" errors="0" timestamp="2021-04-06T07:50:47" hostname="C02DK3BFMD6R" time="0.008">
  <properties/>
  <testcase name="firstTest()" classname="imhere.web.HttpIntegrationTest" time="0.008"/>
  <system-out><![CDATA[]]></system-out>
  <system-err><![CDATA[]]></system-err>
</testsuite>
